# JRE version: OpenJDK Runtime Environment (7.0_91-b02) (build 1.7.0_91-b02)
# Java VM: OpenJDK 64-Bit Server VM (24.91-b01 mixed mode linux-amd64 compressed oops)
Heap
 par new generation   total 613440K, used 130158K [0x0000000775a00000, 0x000000079f390000, 0x000000079f390000)
  eden space 545344K,  22% used [0x0000000775a00000, 0x000000077d314978, 0x0000000796e90000)
  from space 68096K,   9% used [0x0000000796e90000, 0x0000000797496eb0, 0x000000079b110000)
  to   space 68096K,   0% used [0x000000079b110000, 0x000000079b110000, 0x000000079f390000)
 concurrent mark-sweep generation total 1415616K, used 51239K [0x000000079f390000, 0x00000007f5a00000, 0x00000007f5a00000)
 concurrent-mark-sweep perm gen total 65536K, used 30237K [0x00000007f5a00000, 0x00000007f9a00000, 0x0000000800000000)
GC Heap History (8 events):
Event: 1.826 GC heap before
{Heap before GC invocations=0 (full 0):
 par new generation   total 613440K, used 545344K [0x0000000775a00000, 0x000000079f390000, 0x000000079f390000)
  eden space 545344K, 100% used [0x0000000775a00000, 0x0000000796e90000, 0x0000000796e90000)
  from space 68096K,   0% used [0x0000000796e90000, 0x0000000796e90000, 0x000000079b110000)
  to   space 68096K,   0% used [0x000000079b110000, 0x000000079b110000, 0x000000079f390000)
 concurrent mark-sweep generation total 1415616K, used 0K [0x000000079f390000, 0x00000007f5a00000, 0x00000007f5a00000)
 concurrent-mark-sweep perm gen total 65536K, used 26461K [0x00000007f5a00000, 0x00000007f9a00000, 0x0000000800000000)
Event: 1.837 GC heap after
Heap after GC invocations=1 (full 0):
 par new generation   total 613440K, used 17578K [0x0000000775a00000, 0x000000079f390000, 0x000000079f390000)
  eden space 545344K,   0% used [0x0000000775a00000, 0x0000000775a00000, 0x0000000796e90000)
  from space 68096K,  25% used [0x000000079b110000, 0x000000079c23abf0, 0x000000079f390000)
  to   space 68096K,   0% used [0x0000000796e90000, 0x0000000796e90000, 0x000000079b110000)
 concurrent mark-sweep generation total 1415616K, used 0K [0x000000079f390000, 0x00000007f5a00000, 0x00000007f5a00000)
 concurrent-mark-sweep perm gen total 65536K, used 26461K [0x00000007f5a00000, 0x00000007f9a00000, 0x0000000800000000)
}
Event: 5.924 GC heap before
{Heap before GC invocations=1 (full 0):
 par new generation   total 613440K, used 565509K [0x0000000775a00000, 0x000000079f390000, 0x000000079f390000)
  eden space 545344K,  98% used [0x0000000775a00000, 0x00000007969169b8, 0x0000000796e90000)
  from space 68096K,  37% used [0x000000079b110000, 0x000000079ca3ac00, 0x000000079f390000)
  to   space 68096K,   0% used [0x0000000796e90000, 0x0000000796e90000, 0x000000079b110000)
 concurrent mark-sweep generation total 1415616K, used 0K [0x000000079f390000, 0x00000007f5a00000, 0x00000007f5a00000)
 concurrent-mark-sweep perm gen total 65536K, used 29053K [0x00000007f5a00000, 0x00000007f9a00000, 0x0000000800000000)
Event: 5.951 GC heap after
Heap after GC invocations=2 (full 0):
 par new generation   total 613440K, used 68096K [0x0000000775a00000, 0x000000079f390000, 0x000000079f390000)
  eden space 545344K,   0% used [0x0000000775a00000, 0x0000000775a00000, 0x0000000796e90000)
  from space 68096K, 100% used [0x0000000796e90000, 0x000000079b110000, 0x000000079b110000)
  to   space 68096K,   0% used [0x000000079b110000, 0x000000079b110000, 0x000000079f390000)
 concurrent mark-sweep generation total 1415616K, used 42843K [0x000000079f390000, 0x00000007f5a00000, 0x00000007f5a00000)
 concurrent-mark-sweep perm gen total 65536K, used 29053K [0x00000007f5a00000, 0x00000007f9a00000, 0x0000000800000000)
}
Event: 6.206 GC heap before
{Heap before GC invocations=2 (full 0):
 par new generation   total 613440K, used 610181K [0x0000000775a00000, 0x000000079f390000, 0x000000079f390000)
  eden space 545344K,  99% used [0x0000000775a00000, 0x0000000796b615f8, 0x0000000796e90000)
  from space 68096K, 100% used [0x0000000796e90000, 0x000000079b110000, 0x000000079b110000)
  to   space 68096K,   0% used [0x000000079b110000, 0x000000079b110000, 0x000000079f390000)
 concurrent mark-sweep generation total 1415616K, used 42843K [0x000000079f390000, 0x00000007f5a00000, 0x00000007f5a00000)
 concurrent-mark-sweep perm gen total 65536K, used 29253K [0x00000007f5a00000, 0x00000007f9a00000, 0x0000000800000000)
Event: 6.226 GC heap after
Heap after GC invocations=3 (full 0):
 par new generation   total 613440K, used 44315K [0x0000000775a00000, 0x000000079f390000, 0x000000079f390000)
  eden space 545344K,   0% used [0x0000000775a00000, 0x0000000775a00000, 0x0000000796e90000)
  from space 68096K,  65% used [0x000000079b110000, 0x000000079dc56d88, 0x000000079f390000)
  to   space 68096K,   0% used [0x0000000796e90000, 0x0000000796e90000, 0x000000079b110000)
 concurrent mark-sweep generation total 1415616K, used 48867K [0x000000079f390000, 0x00000007f5a00000, 0x00000007f5a00000)
 concurrent-mark-sweep perm gen total 65536K, used 29253K [0x00000007f5a00000, 0x00000007f9a00000, 0x0000000800000000)
}
Event: 6.296 GC heap before
{Heap before GC invocations=3 (full 0):
 par new generation   total 613440K, used 581741K [0x0000000775a00000, 0x000000079f390000, 0x000000079f390000)
  eden space 545344K,  98% used [0x0000000775a00000, 0x00000007966d47e0, 0x0000000796e90000)
  from space 68096K,  65% used [0x000000079b110000, 0x000000079dc56d88, 0x000000079f390000)
  to   space 68096K,   0% used [0x0000000796e90000, 0x0000000796e90000, 0x000000079b110000)
 concurrent mark-sweep generation total 1415616K, used 48867K [0x000000079f390000, 0x00000007f5a00000, 0x00000007f5a00000)
 concurrent-mark-sweep perm gen total 65536K, used 29258K [0x00000007f5a00000, 0x00000007f9a00000, 0x0000000800000000)
Event: 6.302 GC heap after
Heap after GC invocations=4 (full 0):
 par new generation   total 613440K, used 6171K [0x0000000775a00000, 0x000000079f390000, 0x000000079f390000)
  eden space 545344K,   0% used [0x0000000775a00000, 0x0000000775a00000, 0x0000000796e90000)
  from space 68096K,   9% used [0x0000000796e90000, 0x0000000797496eb0, 0x000000079b110000)
  to   space 68096K,   0% used [0x000000079b110000, 0x000000079b110000, 0x000000079f390000)
 concurrent mark-sweep generation total 1415616K, used 51239K [0x000000079f390000, 0x00000007f5a00000, 0x00000007f5a00000)
 concurrent-mark-sweep perm gen total 65536K, used 29258K [0x00000007f5a00000, 0x00000007f9a00000, 0x0000000800000000)
}

